<?xml version="1.0" encoding="UTF-8"?>
<!-- Generated by org.testng.reporters.JUnitReportReporter -->
<testsuite hostname="DESKTOP-0CA9R8P" failures="0" tests="4" name="TestNG.DataProvider" time="20.819" errors="0" timestamp="2024-11-18T14:02:27 IST" skipped="0">
  <testcase classname="TestNG.DataProvider" name="senddata" time="5.916"/>
  <system-out/>
  <testcase classname="TestNG.DataProvider" name="senddata" time="4.712"/>
  <system-out/>
  <testcase classname="TestNG.DataProvider" name="senddata" time="4.867"/>
  <system-out/>
  <testcase classname="TestNG.DataProvider" name="senddata" time="5.324"/>
  <system-out/>
</testsuite> <!-- TestNG.DataProvider -->
