<?xml version="1.0" encoding="UTF-8"?>
<!-- Generated by org.testng.reporters.JUnitReportReporter -->
<testsuite hostname="DESKTOP-0CA9R8P" failures="0" tests="4" name="TestNG.Thread" time="59.103" errors="0" timestamp="2024-11-18T22:42:40 IST" skipped="0">
  <testcase classname="TestNG.Thread" name="Olafoods" time="13.696"/>
  <system-out>
    <![CDATA[olafood is Launched]]>
  </system-out>
  <testcase classname="TestNG.Thread" name="Swiggy" time="7.928"/>
  <system-out>
    <![CDATA[Swiggy is Launched]]>
  </system-out>
  <testcase classname="TestNG.Thread" name="Swiggy" time="9.856"/>
  <system-out>
    <![CDATA[Swiggy is Launched]]>
  </system-out>
  <testcase classname="TestNG.Thread" name="Swiggy" time="27.623"/>
  <system-out>
    <![CDATA[Swiggy is Launched]]>
  </system-out>
</testsuite> <!-- TestNG.Thread -->
