<?xml version="1.0" encoding="UTF-8"?>
<!-- Generated by org.testng.reporters.JUnitReportReporter -->
<testsuite hostname="DESKTOP-0CA9R8P" failures="0" tests="6" name="TestNG.Attributes" time="34.374" errors="0" timestamp="2024-11-19T13:54:00 IST" skipped="0">
  <testcase classname="TestNG.Attributes" name="Dominos" time="3.671"/>
  <system-out>
    <![CDATA[Dominos is Launched]]>
  </system-out>
  <testcase classname="TestNG.Attributes" name="Zomato" time="8.040"/>
  <system-out>
    <![CDATA[Zomato is Launched]]>
  </system-out>
  <testcase classname="TestNG.Attributes" name="Zomato" time="6.476"/>
  <system-out>
    <![CDATA[Zomato is Launched]]>
  </system-out>
  <testcase classname="TestNG.Attributes" name="Olafoods" time="4.759"/>
  <system-out>
    <![CDATA[olafood is Launched]]>
  </system-out>
  <testcase classname="TestNG.Attributes" name="Olafoods" time="5.084"/>
  <system-out>
    <![CDATA[olafood is Launched]]>
  </system-out>
  <testcase classname="TestNG.Attributes" name="Swiggy" time="6.344"/>
  <system-out>
    <![CDATA[Swiggy is Launched]]>
  </system-out>
</testsuite> <!-- TestNG.Attributes -->
