<?xml version="1.0" encoding="UTF-8"?>
<!-- Generated by org.testng.reporters.JUnitReportReporter -->
<testsuite hostname="DESKTOP-0CA9R8P" failures="0" tests="1" name="TestNGExecution.Batch1" time="5.352" errors="0" timestamp="2024-11-19T12:49:16 IST" skipped="0">
  <testcase classname="TestNGExecution.Batch1" name="swiggy" time="5.352"/>
  <system-out>
    <![CDATA[Swiggy Web page]]>
  </system-out>
</testsuite> <!-- TestNGExecution.Batch1 -->
