<?xml version="1.0" encoding="UTF-8"?>
<!-- Generated by org.testng.reporters.JUnitReportReporter -->
<testsuite hostname="DESKTOP-0CA9R8P" failures="0" tests="1" name="TestNGExecution.Batch2" time="17.571" errors="0" timestamp="2024-11-19T12:34:37 IST" skipped="0">
  <testcase classname="TestNGExecution.Batch2" name="Zomato" time="17.571"/>
  <system-out>
    <![CDATA[Zomatto Web page]]>
  </system-out>
</testsuite> <!-- TestNGExecution.Batch2 -->
