<?xml version="1.0" encoding="UTF-8"?>
<!-- Generated by org.testng.reporters.JUnitReportReporter -->
<testsuite hostname="DESKTOP-0CA9R8P" failures="0" tests="1" name="TestNGExecution.Batch5" time="22.878" errors="0" timestamp="2024-11-21T23:40:38 IST" skipped="0">
  <testcase classname="TestNGExecution.Batch5" name="Dominos" time="22.878"/>
  <system-out>
    <![CDATA[Dominos Web page]]>
  </system-out>
</testsuite> <!-- TestNGExecution.Batch5 -->
