<?xml version="1.0" encoding="UTF-8"?>
<!-- Generated by org.testng.reporters.JUnitReportReporter -->
<testsuite hostname="DESKTOP-0CA9R8P" failures="0" tests="4" name="TestNG.DataProvider" time="43.667" errors="0" timestamp="2024-11-28T20:49:10 IST" skipped="0">
  <testcase classname="TestNG.DataProvider" name="senddata" time="12.406"/>
  <system-out/>
  <testcase classname="TestNG.DataProvider" name="senddata" time="12.034"/>
  <system-out/>
  <testcase classname="TestNG.DataProvider" name="senddata" time="6.423"/>
  <system-out/>
  <testcase classname="TestNG.DataProvider" name="senddata" time="12.804"/>
  <system-out/>
</testsuite> <!-- TestNG.DataProvider -->
