<?xml version="1.0" encoding="UTF-8"?>
<!-- Generated by org.testng.reporters.JUnitReportReporter -->
<testsuite hostname="DESKTOP-0CA9R8P" failures="0" tests="4" name="TestNG.BasicsOfTestNg" time="34.330" errors="0" timestamp="2024-11-18T22:27:24 IST" skipped="0">
  <testcase classname="TestNG.BasicsOfTestNg" name="Olafoods" time="6.549"/>
  <system-out>
    <![CDATA[olafood is Launched]]>
  </system-out>
  <testcase classname="TestNG.BasicsOfTestNg" name="Swiggy" time="10.895"/>
  <system-out>
    <![CDATA[Swiggy is Launched]]>
  </system-out>
  <testcase classname="TestNG.BasicsOfTestNg" name="Zomato" time="11.745"/>
  <system-out>
    <![CDATA[Zomato is Launched]]>
  </system-out>
  <testcase classname="TestNG.BasicsOfTestNg" name="Dominos" time="5.141"/>
  <system-out>
    <![CDATA[Dominos is Launched]]>
  </system-out>
</testsuite> <!-- TestNG.BasicsOfTestNg -->
