<?xml version="1.0" encoding="UTF-8"?>
<!-- Generated by org.testng.reporters.JUnitReportReporter -->
<testsuite hostname="DESKTOP-0CA9R8P" failures="0" tests="1" name="Chronology.Order_Of_Chronology" time="0.008" errors="0" timestamp="2024-11-27T16:07:00 IST" skipped="0">
  <testcase classname="Chronology.Order_Of_Chronology" name="mainMethod" time="0.008"/>
  <system-out>
    <![CDATA[MainMethod is getting Launched]]>
  </system-out>
</testsuite> <!-- Chronology.Order_Of_Chronology -->
